# JRE version: OpenJDK Runtime Environment (16.0+36) (build 16+36-2231)
# Java VM: OpenJDK 64-Bit Server VM (16+36-2231, mixed mode, sharing, tiered, compressed oops, g1 gc, windows-amd64)
GC Precious Log:
 CPUs: 4 total, 4 available
 Memory: 16090M
 Large Page Support: Disabled
 NUMA Support: Disabled
 Compressed Oops: Enabled (Zero based)
 Heap Region Size: 2M
 Heap Min Capacity: 8M
 Heap Initial Capacity: 252M
 Heap Max Capacity: 4024M
 Pre-touch: Disabled
 Parallel Workers: 4
 Concurrent Workers: 1
 Concurrent Refinement Workers: 4
 Periodic GC: Disabled
Heap:
 garbage-first heap   total 67584K, used 24940K [0x0000000704800000, 0x0000000800000000)
  region size 2048K, 2 young (4096K), 1 survivors (2048K)
 Metaspace       used 35615K, committed 36096K, reserved 1081344K
  class space    used 4709K, committed 4928K, reserved 1048576K
GC Heap History (18 events):
Event: 0.740 GC heap before
{Heap before GC invocations=0 (full 0):
 garbage-first heap   total 258048K, used 10240K [0x0000000704800000, 0x0000000800000000)
  region size 2048K, 6 young (12288K), 0 survivors (0K)
 Metaspace       used 4394K, committed 4672K, reserved 1056768K
  class space    used 509K, committed 640K, reserved 1048576K
}
Event: 0.744 GC heap after
{Heap after GC invocations=1 (full 0):
 garbage-first heap   total 258048K, used 5829K [0x0000000704800000, 0x0000000800000000)
  region size 2048K, 1 young (2048K), 1 survivors (2048K)
 Metaspace       used 4394K, committed 4672K, reserved 1056768K
  class space    used 509K, committed 640K, reserved 1048576K
}
Event: 0.988 GC heap before
{Heap before GC invocations=1 (full 0):
 garbage-first heap   total 258048K, used 14021K [0x0000000704800000, 0x0000000800000000)
  region size 2048K, 6 young (12288K), 1 survivors (2048K)
 Metaspace       used 6823K, committed 7040K, reserved 1056768K
  class space    used 823K, committed 960K, reserved 1048576K
}
Event: 0.990 GC heap after
{Heap after GC invocations=2 (full 0):
 garbage-first heap   total 258048K, used 7342K [0x0000000704800000, 0x0000000800000000)
  region size 2048K, 1 young (2048K), 1 survivors (2048K)
 Metaspace       used 6823K, committed 7040K, reserved 1056768K
  class space    used 823K, committed 960K, reserved 1048576K
}
Event: 1.439 GC heap before
{Heap before GC invocations=2 (full 0):
 garbage-first heap   total 258048K, used 23726K [0x0000000704800000, 0x0000000800000000)
  region size 2048K, 10 young (20480K), 1 survivors (2048K)
 Metaspace       used 11035K, committed 11328K, reserved 1064960K
  class space    used 1458K, committed 1600K, reserved 1048576K
}
Event: 1.442 GC heap after
{Heap after GC invocations=3 (full 0):
 garbage-first heap   total 258048K, used 9250K [0x0000000704800000, 0x0000000800000000)
  region size 2048K, 2 young (4096K), 2 survivors (4096K)
 Metaspace       used 11035K, committed 11328K, reserved 1064960K
  class space    used 1458K, committed 1600K, reserved 1048576K
}
Event: 2.173 GC heap before
{Heap before GC invocations=3 (full 0):
 garbage-first heap   total 258048K, used 87074K [0x0000000704800000, 0x0000000800000000)
  region size 2048K, 40 young (81920K), 2 survivors (4096K)
 Metaspace       used 18558K, committed 18880K, reserved 1064960K
  class space    used 2426K, committed 2560K, reserved 1048576K
}
Event: 2.180 GC heap after
{Heap after GC invocations=4 (full 0):
 garbage-first heap   total 258048K, used 12787K [0x0000000704800000, 0x0000000800000000)
  region size 2048K, 4 young (8192K), 4 survivors (8192K)
 Metaspace       used 18558K, committed 18880K, reserved 1064960K
  class space    used 2426K, committed 2560K, reserved 1048576K
}
Event: 2.417 GC heap before
{Heap before GC invocations=4 (full 0):
 garbage-first heap   total 258048K, used 29171K [0x0000000704800000, 0x0000000800000000)
  region size 2048K, 13 young (26624K), 4 survivors (8192K)
 Metaspace       used 20943K, committed 21248K, reserved 1073152K
  class space    used 2774K, committed 2944K, reserved 1048576K
}
Event: 2.423 GC heap after
{Heap after GC invocations=5 (full 0):
 garbage-first heap   total 258048K, used 13978K [0x0000000704800000, 0x0000000800000000)
  region size 2048K, 4 young (8192K), 4 survivors (8192K)
 Metaspace       used 20943K, committed 21248K, reserved 1073152K
  class space    used 2774K, committed 2944K, reserved 1048576K
}
Event: 2.923 GC heap before
{Heap before GC invocations=6 (full 0):
 garbage-first heap   total 55296K, used 54938K [0x0000000704800000, 0x0000000800000000)
  region size 2048K, 24 young (49152K), 4 survivors (8192K)
 Metaspace       used 25482K, committed 25792K, reserved 1073152K
  class space    used 3386K, committed 3520K, reserved 1048576K
}
Event: 2.933 GC heap after
{Heap after GC invocations=7 (full 0):
 garbage-first heap   total 67584K, used 16775K [0x0000000704800000, 0x0000000800000000)
  region size 2048K, 6 young (12288K), 6 survivors (12288K)
 Metaspace       used 25482K, committed 25792K, reserved 1073152K
  class space    used 3386K, committed 3520K, reserved 1048576K
}
Event: 3.328 GC heap before
{Heap before GC invocations=7 (full 0):
 garbage-first heap   total 67584K, used 43399K [0x0000000704800000, 0x0000000800000000)
  region size 2048K, 19 young (38912K), 6 survivors (12288K)
 Metaspace       used 28669K, committed 29120K, reserved 1081344K
  class space    used 3821K, committed 4032K, reserved 1048576K
}
Event: 3.338 GC heap after
{Heap after GC invocations=8 (full 0):
 garbage-first heap   total 67584K, used 19546K [0x0000000704800000, 0x0000000800000000)
  region size 2048K, 3 young (6144K), 3 survivors (6144K)
 Metaspace       used 28669K, committed 29120K, reserved 1081344K
  class space    used 3821K, committed 4032K, reserved 1048576K
}
Event: 3.828 GC heap before
{Heap before GC invocations=8 (full 0):
 garbage-first heap   total 67584K, used 48218K [0x0000000704800000, 0x0000000800000000)
  region size 2048K, 17 young (34816K), 3 survivors (6144K)
 Metaspace       used 33523K, committed 33856K, reserved 1081344K
  class space    used 4433K, committed 4608K, reserved 1048576K
}
Event: 3.834 GC heap after
{Heap after GC invocations=9 (full 0):
 garbage-first heap   total 67584K, used 23484K [0x0000000704800000, 0x0000000800000000)
  region size 2048K, 2 young (4096K), 2 survivors (4096K)
 Metaspace       used 33523K, committed 33856K, reserved 1081344K
  class space    used 4433K, committed 4608K, reserved 1048576K
}
Event: 3.999 GC heap before
{Heap before GC invocations=9 (full 0):
 garbage-first heap   total 67584K, used 33724K [0x0000000704800000, 0x0000000800000000)
  region size 2048K, 8 young (16384K), 2 survivors (4096K)
 Metaspace       used 35422K, committed 35776K, reserved 1081344K
  class space    used 4676K, committed 4864K, reserved 1048576K
}
Event: 4.004 GC heap after
{Heap after GC invocations=10 (full 0):
 garbage-first heap   total 67584K, used 24940K [0x0000000704800000, 0x0000000800000000)
  region size 2048K, 1 young (2048K), 1 survivors (2048K)
 Metaspace       used 35422K, committed 35776K, reserved 1081344K
  class space    used 4676K, committed 4864K, reserved 1048576K
}

